[INFO ] 2024-05-01 09:09:54.130 [main] RestAssuredAutomationFramework - Create User Executed.
[INFO ] 2024-05-01 09:09:55.747 [main] RestAssuredAutomationFramework - Get User Executed.
[INFO ] 2024-05-01 09:09:58.132 [main] RestAssuredAutomationFramework - Update User Executed.
[INFO ] 2024-05-01 09:09:59.480 [main] RestAssuredAutomationFramework - Delete User Executed.
[INFO ] 2024-05-01 10:03:10.251 [main] RestAssuredAutomationFramework_Test - Create User Executed.
[INFO ] 2024-05-01 10:03:11.813 [main] RestAssuredAutomationFramework_Test - Get User Executed.
[INFO ] 2024-05-01 10:03:14.591 [main] RestAssuredAutomationFramework_Test - Update User Executed.
[INFO ] 2024-05-01 10:03:16.843 [main] RestAssuredAutomationFramework_Test - Delete User Executed.
[INFO ] 2024-05-01 10:20:31.417 [main] RestAssuredAutomationFramework_Test - Create User Executed.
[INFO ] 2024-05-01 10:20:32.935 [main] RestAssuredAutomationFramework_Test - Get User Executed.
[INFO ] 2024-05-01 10:20:35.963 [main] RestAssuredAutomationFramework_Test - Update User Executed.
[INFO ] 2024-05-01 10:20:37.395 [main] RestAssuredAutomationFramework_Test - Delete User Executed.
[INFO ] 2024-05-01 15:22:31.349 [main] RestAssuredAutomationFramework_Test - Update User Executed.
[INFO ] 2024-05-01 15:22:42.150 [main] RestAssuredAutomationFramework_Test - Delete User Executed.
[INFO ] 2024-05-01 15:23:24.684 [main] RestAssuredAutomationFramework_Test - Create User Executed.
[INFO ] 2024-05-01 15:23:36.901 [main] RestAssuredAutomationFramework_Test - Get User Executed.
[INFO ] 2024-05-01 15:23:53.797 [main] RestAssuredAutomationFramework_Test - Update User Executed.
[INFO ] 2024-05-01 15:23:59.515 [main] RestAssuredAutomationFramework_Test - Delete User Executed.
[INFO ] 2024-05-01 15:31:27.539 [main] RestAssuredAutomationFramework_Test - Create User Executed.
[INFO ] 2024-05-01 15:31:29.301 [main] RestAssuredAutomationFramework_Test - Get User Executed.
[INFO ] 2024-05-01 15:31:33.395 [main] RestAssuredAutomationFramework_Test - Update User Executed.
[INFO ] 2024-05-01 15:31:35.136 [main] RestAssuredAutomationFramework_Test - Delete User Executed.
[INFO ] 2024-05-01 15:34:51.262 [main] RestAssuredAutomationFramework_Test - Create User Executed.
[INFO ] 2024-05-01 15:34:53.069 [main] RestAssuredAutomationFramework_Test - Get User Executed.
[INFO ] 2024-05-01 15:34:56.345 [main] RestAssuredAutomationFramework_Test - Update User Executed.
[INFO ] 2024-05-01 15:34:58.188 [main] RestAssuredAutomationFramework_Test - Delete User Executed.
